<?xml version="1.0" encoding="UTF-8"?>
<!-- Generated by org.testng.reporters.JUnitReportReporter -->
<testsuite hostname="DESKTOP-R646QC9" failures="0" tests="1" name="practice.Insta" time="3.160" errors="0" timestamp="2024-09-05T10:45:45 IST" skipped="0">
  <testcase classname="practice.Insta" name="InstaLIkes" time="3.160"/>
</testsuite> <!-- practice.Insta -->
