<?xml version="1.0" encoding="UTF-8"?>
<!-- Generated by org.testng.reporters.JUnitReportReporter -->
<testsuite hostname="DESKTOP-R646QC9" failures="0" tests="4" name="practice.Sample" time="0.013" errors="0" timestamp="2024-08-20T12:04:09 IST" skipped="0">
  <testcase classname="practice.Sample" name="m2" time="0.002"/>
  <testcase classname="practice.Sample" name="m2" time="0.002"/>
  <testcase classname="practice.Sample" name="m1" time="0.007"/>
  <testcase classname="practice.Sample" name="m1" time="0.002"/>
</testsuite> <!-- practice.Sample -->
